<?xml version="1.0" encoding="UTF-8"?>
<testng-results ignored="0" total="1" passed="1" failed="0" skipped="0">
  <reporter-output>
  </reporter-output>
  <suite started-at="2024-07-01T14:58:07 IST" name="Default suite" finished-at="2024-07-01T14:58:12 IST" duration-ms="4196">
    <groups>
    </groups>
    <test started-at="2024-07-01T14:58:07 IST" name="Default test" finished-at="2024-07-01T14:58:12 IST" duration-ms="4196">
      <class name="RestAPITest.Test1">
        <test-method signature="Test()[pri:0, instance:RestAPITest.Test1@dd8ba08]" started-at="2024-07-01T14:58:08 IST" name="Test" finished-at="2024-07-01T14:58:12 IST" duration-ms="4102" status="PASS">
          <reporter-output>
          </reporter-output>
        </test-method> <!-- Test -->
      </class> <!-- RestAPITest.Test1 -->
    </test> <!-- Default test -->
  </suite> <!-- Default suite -->
</testng-results>
